        -:    0:Source:/usr/include/gtest/internal/gtest-internal.h
        -:    0:Graph:TestInteger.gcno
        -:    0:Data:TestInteger.gcda
        -:    0:Runs:1
        -:    0:Programs:1
        -:    1:// Copyright 2005, Google Inc.
        -:    2:// All rights reserved.
        -:    3://
        -:    4:// Redistribution and use in source and binary forms, with or without
        -:    5:// modification, are permitted provided that the following conditions are
        -:    6:// met:
        -:    7://
        -:    8://     * Redistributions of source code must retain the above copyright
        -:    9:// notice, this list of conditions and the following disclaimer.
        -:   10://     * Redistributions in binary form must reproduce the above
        -:   11:// copyright notice, this list of conditions and the following disclaimer
        -:   12:// in the documentation and/or other materials provided with the
        -:   13:// distribution.
        -:   14://     * Neither the name of Google Inc. nor the names of its
        -:   15:// contributors may be used to endorse or promote products derived from
        -:   16:// this software without specific prior written permission.
        -:   17://
        -:   18:// THIS SOFTWARE IS PROVIDED BY THE COPYRIGHT HOLDERS AND CONTRIBUTORS
        -:   19:// "AS IS" AND ANY EXPRESS OR IMPLIED WARRANTIES, INCLUDING, BUT NOT
        -:   20:// LIMITED TO, THE IMPLIED WARRANTIES OF MERCHANTABILITY AND FITNESS FOR
        -:   21:// A PARTICULAR PURPOSE ARE DISCLAIMED. IN NO EVENT SHALL THE COPYRIGHT
        -:   22:// OWNER OR CONTRIBUTORS BE LIABLE FOR ANY DIRECT, INDIRECT, INCIDENTAL,
        -:   23:// SPECIAL, EXEMPLARY, OR CONSEQUENTIAL DAMAGES (INCLUDING, BUT NOT
        -:   24:// LIMITED TO, PROCUREMENT OF SUBSTITUTE GOODS OR SERVICES; LOSS OF USE,
        -:   25:// DATA, OR PROFITS; OR BUSINESS INTERRUPTION) HOWEVER CAUSED AND ON ANY
        -:   26:// THEORY OF LIABILITY, WHETHER IN CONTRACT, STRICT LIABILITY, OR TORT
        -:   27:// (INCLUDING NEGLIGENCE OR OTHERWISE) ARISING IN ANY WAY OUT OF THE USE
        -:   28:// OF THIS SOFTWARE, EVEN IF ADVISED OF THE POSSIBILITY OF SUCH DAMAGE.
        -:   29://
        -:   30:// Authors: wan@google.com (Zhanyong Wan), eefacm@gmail.com (Sean Mcafee)
        -:   31://
        -:   32:// The Google C++ Testing Framework (Google Test)
        -:   33://
        -:   34:// This header file declares functions and macros used internally by
        -:   35:// Google Test.  They are subject to change without notice.
        -:   36:
        -:   37:#ifndef GTEST_INCLUDE_GTEST_INTERNAL_GTEST_INTERNAL_H_
        -:   38:#define GTEST_INCLUDE_GTEST_INTERNAL_GTEST_INTERNAL_H_
        -:   39:
        -:   40:#include "gtest/internal/gtest-port.h"
        -:   41:
        -:   42:#if GTEST_OS_LINUX
        -:   43:# include <stdlib.h>
        -:   44:# include <sys/types.h>
        -:   45:# include <sys/wait.h>
        -:   46:# include <unistd.h>
        -:   47:#endif  // GTEST_OS_LINUX
        -:   48:
        -:   49:#include <ctype.h>
        -:   50:#include <string.h>
        -:   51:#include <iomanip>
        -:   52:#include <limits>
        -:   53:#include <set>
        -:   54:
        -:   55:#include "gtest/internal/gtest-string.h"
        -:   56:#include "gtest/internal/gtest-filepath.h"
        -:   57:#include "gtest/internal/gtest-type-util.h"
        -:   58:
        -:   59:// Due to C++ preprocessor weirdness, we need double indirection to
        -:   60:// concatenate two tokens when one of them is __LINE__.  Writing
        -:   61://
        -:   62://   foo ## __LINE__
        -:   63://
        -:   64:// will result in the token foo__LINE__, instead of foo followed by
        -:   65:// the current line number.  For more details, see
        -:   66:// http://www.parashift.com/c++-faq-lite/misc-technical-issues.html#faq-39.6
        -:   67:#define GTEST_CONCAT_TOKEN_(foo, bar) GTEST_CONCAT_TOKEN_IMPL_(foo, bar)
        -:   68:#define GTEST_CONCAT_TOKEN_IMPL_(foo, bar) foo ## bar
        -:   69:
        -:   70:// Google Test defines the testing::Message class to allow construction of
        -:   71:// test messages via the << operator.  The idea is that anything
        -:   72:// streamable to std::ostream can be streamed to a testing::Message.
        -:   73:// This allows a user to use his own types in Google Test assertions by
        -:   74:// overloading the << operator.
        -:   75://
        -:   76:// util/gtl/stl_logging-inl.h overloads << for STL containers.  These
        -:   77:// overloads cannot be defined in the std namespace, as that will be
        -:   78:// undefined behavior.  Therefore, they are defined in the global
        -:   79:// namespace instead.
        -:   80://
        -:   81:// C++'s symbol lookup rule (i.e. Koenig lookup) says that these
        -:   82:// overloads are visible in either the std namespace or the global
        -:   83:// namespace, but not other namespaces, including the testing
        -:   84:// namespace which Google Test's Message class is in.
        -:   85://
        -:   86:// To allow STL containers (and other types that has a << operator
        -:   87:// defined in the global namespace) to be used in Google Test assertions,
        -:   88:// testing::Message must access the custom << operator from the global
        -:   89:// namespace.  Hence this helper function.
        -:   90://
        -:   91:// Note: Jeffrey Yasskin suggested an alternative fix by "using
        -:   92:// ::operator<<;" in the definition of Message's operator<<.  That fix
        -:   93:// doesn't require a helper function, but unfortunately doesn't
        -:   94:// compile with MSVC.
        -:   95:template <typename T>
        -:   96:inline void GTestStreamToHelper(std::ostream* os, const T& val) {
        -:   97:  *os << val;
        -:   98:}
        -:   99:
        -:  100:class ProtocolMessage;
        -:  101:namespace proto2 { class Message; }
        -:  102:
        -:  103:namespace testing {
        -:  104:
        -:  105:// Forward declarations.
        -:  106:
        -:  107:class AssertionResult;                 // Result of an assertion.
        -:  108:class Message;                         // Represents a failure message.
        -:  109:class Test;                            // Represents a test.
        -:  110:class TestInfo;                        // Information about a test.
        -:  111:class TestPartResult;                  // Result of a test part.
        -:  112:class UnitTest;                        // A collection of test cases.
        -:  113:
        -:  114:template <typename T>
        -:  115:::std::string PrintToString(const T& value);
        -:  116:
        -:  117:namespace internal {
        -:  118:
        -:  119:struct TraceInfo;                      // Information about a trace point.
        -:  120:class ScopedTrace;                     // Implements scoped trace.
        -:  121:class TestInfoImpl;                    // Opaque implementation of TestInfo
        -:  122:class UnitTestImpl;                    // Opaque implementation of UnitTest
        -:  123:
        -:  124:// How many times InitGoogleTest() has been called.
        -:  125:extern int g_init_gtest_count;
        -:  126:
        -:  127:// The text used in failure messages to indicate the start of the
        -:  128:// stack trace.
        -:  129:GTEST_API_ extern const char kStackTraceMarker[];
        -:  130:
        -:  131:// A secret type that Google Test users don't know about.  It has no
        -:  132:// definition on purpose.  Therefore it's impossible to create a
        -:  133:// Secret object, which is what we want.
        -:  134:class Secret;
        -:  135:
        -:  136:// Two overloaded helpers for checking at compile time whether an
        -:  137:// expression is a null pointer literal (i.e. NULL or any 0-valued
        -:  138:// compile-time integral constant).  Their return values have
        -:  139:// different sizes, so we can use sizeof() to test which version is
        -:  140:// picked by the compiler.  These helpers have no implementations, as
        -:  141:// we only need their signatures.
        -:  142://
        -:  143:// Given IsNullLiteralHelper(x), the compiler will pick the first
        -:  144:// version if x can be implicitly converted to Secret*, and pick the
        -:  145:// second version otherwise.  Since Secret is a secret and incomplete
        -:  146:// type, the only expression a user can write that has type Secret* is
        -:  147:// a null pointer literal.  Therefore, we know that x is a null
        -:  148:// pointer literal if and only if the first version is picked by the
        -:  149:// compiler.
        -:  150:char IsNullLiteralHelper(Secret* p);
        -:  151:char (&IsNullLiteralHelper(...))[2];  // NOLINT
        -:  152:
        -:  153:// A compile-time bool constant that is true if and only if x is a
        -:  154:// null pointer literal (i.e. NULL or any 0-valued compile-time
        -:  155:// integral constant).
        -:  156:#ifdef GTEST_ELLIPSIS_NEEDS_POD_
        -:  157:// We lose support for NULL detection where the compiler doesn't like
        -:  158:// passing non-POD classes through ellipsis (...).
        -:  159:# define GTEST_IS_NULL_LITERAL_(x) false
        -:  160:#else
        -:  161:# define GTEST_IS_NULL_LITERAL_(x) \
        -:  162:    (sizeof(::testing::internal::IsNullLiteralHelper(x)) == 1)
        -:  163:#endif  // GTEST_ELLIPSIS_NEEDS_POD_
        -:  164:
        -:  165:// Appends the user-supplied message to the Google-Test-generated message.
        -:  166:GTEST_API_ String AppendUserMessage(const String& gtest_msg,
        -:  167:                                    const Message& user_msg);
        -:  168:
        -:  169:// A helper class for creating scoped traces in user programs.
        -:  170:class GTEST_API_ ScopedTrace {
        -:  171: public:
        -:  172:  // The c'tor pushes the given source file location and message onto
        -:  173:  // a trace stack maintained by Google Test.
        -:  174:  ScopedTrace(const char* file, int line, const Message& message);
        -:  175:
        -:  176:  // The d'tor pops the info pushed by the c'tor.
        -:  177:  //
        -:  178:  // Note that the d'tor is not virtual in order to be efficient.
        -:  179:  // Don't inherit from ScopedTrace!
        -:  180:  ~ScopedTrace();
        -:  181:
        -:  182: private:
        -:  183:  GTEST_DISALLOW_COPY_AND_ASSIGN_(ScopedTrace);
        -:  184:} GTEST_ATTRIBUTE_UNUSED_;  // A ScopedTrace object does its job in its
        -:  185:                            // c'tor and d'tor.  Therefore it doesn't
        -:  186:                            // need to be used otherwise.
        -:  187:
        -:  188:// Converts a streamable value to a String.  A NULL pointer is
        -:  189:// converted to "(null)".  When the input value is a ::string,
        -:  190:// ::std::string, ::wstring, or ::std::wstring object, each NUL
        -:  191:// character in it is replaced with "\\0".
        -:  192:// Declared here but defined in gtest.h, so that it has access
        -:  193:// to the definition of the Message class, required by the ARM
        -:  194:// compiler.
        -:  195:template <typename T>
        -:  196:String StreamableToString(const T& streamable);
        -:  197:
        -:  198:// The Symbian compiler has a bug that prevents it from selecting the
        -:  199:// correct overload of FormatForComparisonFailureMessage (see below)
        -:  200:// unless we pass the first argument by reference.  If we do that,
        -:  201:// however, Visual Age C++ 10.1 generates a compiler error.  Therefore
        -:  202:// we only apply the work-around for Symbian.
        -:  203:#if defined(__SYMBIAN32__)
        -:  204:# define GTEST_CREF_WORKAROUND_ const&
        -:  205:#else
        -:  206:# define GTEST_CREF_WORKAROUND_
        -:  207:#endif
        -:  208:
        -:  209:// When this operand is a const char* or char*, if the other operand
        -:  210:// is a ::std::string or ::string, we print this operand as a C string
        -:  211:// rather than a pointer (we do the same for wide strings); otherwise
        -:  212:// we print it as a pointer to be safe.
        -:  213:
        -:  214:// This internal macro is used to avoid duplicated code.
        -:  215:#define GTEST_FORMAT_IMPL_(operand2_type, operand1_printer)\
        -:  216:inline String FormatForComparisonFailureMessage(\
        -:  217:    operand2_type::value_type* GTEST_CREF_WORKAROUND_ str, \
        -:  218:    const operand2_type& /*operand2*/) {\
        -:  219:  return operand1_printer(str);\
        -:  220:}\
        -:  221:inline String FormatForComparisonFailureMessage(\
        -:  222:    const operand2_type::value_type* GTEST_CREF_WORKAROUND_ str, \
        -:  223:    const operand2_type& /*operand2*/) {\
        -:  224:  return operand1_printer(str);\
        -:  225:}
        -:  226:
function _ZN7testing8internal33FormatForComparisonFailureMessageEPKcRKSs called 0 returned 0% blocks executed 0%
    #####:  227:GTEST_FORMAT_IMPL_(::std::string, String::ShowCStringQuoted)
call    0 never executed
        -:  228:#if GTEST_HAS_STD_WSTRING
        -:  229:GTEST_FORMAT_IMPL_(::std::wstring, String::ShowWideCStringQuoted)
        -:  230:#endif  // GTEST_HAS_STD_WSTRING
        -:  231:
        -:  232:#if GTEST_HAS_GLOBAL_STRING
        -:  233:GTEST_FORMAT_IMPL_(::string, String::ShowCStringQuoted)
        -:  234:#endif  // GTEST_HAS_GLOBAL_STRING
        -:  235:#if GTEST_HAS_GLOBAL_WSTRING
        -:  236:GTEST_FORMAT_IMPL_(::wstring, String::ShowWideCStringQuoted)
        -:  237:#endif  // GTEST_HAS_GLOBAL_WSTRING
        -:  238:
        -:  239:#undef GTEST_FORMAT_IMPL_
        -:  240:
        -:  241:// The next four overloads handle the case where the operand being
        -:  242:// printed is a char/wchar_t pointer and the other operand is not a
        -:  243:// string/wstring object.  In such cases, we just print the operand as
        -:  244:// a pointer to be safe.
        -:  245:#define GTEST_FORMAT_CHAR_PTR_IMPL_(CharType)                       \
        -:  246:  template <typename T>                                             \
        -:  247:  String FormatForComparisonFailureMessage(CharType* GTEST_CREF_WORKAROUND_ p, \
        -:  248:                                           const T&) { \
        -:  249:    return PrintToString(static_cast<const void*>(p));              \
        -:  250:  }
        -:  251:
        -:  252:GTEST_FORMAT_CHAR_PTR_IMPL_(char)
        -:  253:GTEST_FORMAT_CHAR_PTR_IMPL_(const char)
        -:  254:GTEST_FORMAT_CHAR_PTR_IMPL_(wchar_t)
        -:  255:GTEST_FORMAT_CHAR_PTR_IMPL_(const wchar_t)
        -:  256:
        -:  257:#undef GTEST_FORMAT_CHAR_PTR_IMPL_
        -:  258:
        -:  259:// Constructs and returns the message for an equality assertion
        -:  260:// (e.g. ASSERT_EQ, EXPECT_STREQ, etc) failure.
        -:  261://
        -:  262:// The first four parameters are the expressions used in the assertion
        -:  263:// and their values, as strings.  For example, for ASSERT_EQ(foo, bar)
        -:  264:// where foo is 5 and bar is 6, we have:
        -:  265://
        -:  266://   expected_expression: "foo"
        -:  267://   actual_expression:   "bar"
        -:  268://   expected_value:      "5"
        -:  269://   actual_value:        "6"
        -:  270://
        -:  271:// The ignoring_case parameter is true iff the assertion is a
        -:  272:// *_STRCASEEQ*.  When it's true, the string " (ignoring case)" will
        -:  273:// be inserted into the message.
        -:  274:GTEST_API_ AssertionResult EqFailure(const char* expected_expression,
        -:  275:                                     const char* actual_expression,
        -:  276:                                     const String& expected_value,
        -:  277:                                     const String& actual_value,
        -:  278:                                     bool ignoring_case);
        -:  279:
        -:  280:// Constructs a failure message for Boolean assertions such as EXPECT_TRUE.
        -:  281:GTEST_API_ String GetBoolAssertionFailureMessage(
        -:  282:    const AssertionResult& assertion_result,
        -:  283:    const char* expression_text,
        -:  284:    const char* actual_predicate_value,
        -:  285:    const char* expected_predicate_value);
        -:  286:
        -:  287:// This template class represents an IEEE floating-point number
        -:  288:// (either single-precision or double-precision, depending on the
        -:  289:// template parameters).
        -:  290://
        -:  291:// The purpose of this class is to do more sophisticated number
        -:  292:// comparison.  (Due to round-off error, etc, it's very unlikely that
        -:  293:// two floating-points will be equal exactly.  Hence a naive
        -:  294:// comparison by the == operation often doesn't work.)
        -:  295://
        -:  296:// Format of IEEE floating-point:
        -:  297://
        -:  298://   The most-significant bit being the leftmost, an IEEE
        -:  299://   floating-point looks like
        -:  300://
        -:  301://     sign_bit exponent_bits fraction_bits
        -:  302://
        -:  303://   Here, sign_bit is a single bit that designates the sign of the
        -:  304://   number.
        -:  305://
        -:  306://   For float, there are 8 exponent bits and 23 fraction bits.
        -:  307://
        -:  308://   For double, there are 11 exponent bits and 52 fraction bits.
        -:  309://
        -:  310://   More details can be found at
        -:  311://   http://en.wikipedia.org/wiki/IEEE_floating-point_standard.
        -:  312://
        -:  313:// Template parameter:
        -:  314://
        -:  315://   RawType: the raw floating-point type (either float or double)
        -:  316:template <typename RawType>
        -:  317:class FloatingPoint {
        -:  318: public:
        -:  319:  // Defines the unsigned integer type that has the same size as the
        -:  320:  // floating point number.
        -:  321:  typedef typename TypeWithSize<sizeof(RawType)>::UInt Bits;
        -:  322:
        -:  323:  // Constants.
        -:  324:
        -:  325:  // # of bits in a number.
        -:  326:  static const size_t kBitCount = 8*sizeof(RawType);
        -:  327:
        -:  328:  // # of fraction bits in a number.
        -:  329:  static const size_t kFractionBitCount =
        -:  330:    std::numeric_limits<RawType>::digits - 1;
        -:  331:
        -:  332:  // # of exponent bits in a number.
        -:  333:  static const size_t kExponentBitCount = kBitCount - 1 - kFractionBitCount;
        -:  334:
        -:  335:  // The mask for the sign bit.
        -:  336:  static const Bits kSignBitMask = static_cast<Bits>(1) << (kBitCount - 1);
        -:  337:
        -:  338:  // The mask for the fraction bits.
        -:  339:  static const Bits kFractionBitMask =
        -:  340:    ~static_cast<Bits>(0) >> (kExponentBitCount + 1);
        -:  341:
        -:  342:  // The mask for the exponent bits.
        -:  343:  static const Bits kExponentBitMask = ~(kSignBitMask | kFractionBitMask);
        -:  344:
        -:  345:  // How many ULP's (Units in the Last Place) we want to tolerate when
        -:  346:  // comparing two numbers.  The larger the value, the more error we
        -:  347:  // allow.  A 0 value means that two numbers must be exactly the same
        -:  348:  // to be considered equal.
        -:  349:  //
        -:  350:  // The maximum error of a single floating-point operation is 0.5
        -:  351:  // units in the last place.  On Intel CPU's, all floating-point
        -:  352:  // calculations are done with 80-bit precision, while double has 64
        -:  353:  // bits.  Therefore, 4 should be enough for ordinary use.
        -:  354:  //
        -:  355:  // See the following article for more details on ULP:
        -:  356:  // http://www.cygnus-software.com/papers/comparingfloats/comparingfloats.htm.
        -:  357:  static const size_t kMaxUlps = 4;
        -:  358:
        -:  359:  // Constructs a FloatingPoint from a raw floating-point number.
        -:  360:  //
        -:  361:  // On an Intel CPU, passing a non-normalized NAN (Not a Number)
        -:  362:  // around may change its bits, although the new value is guaranteed
        -:  363:  // to be also a NAN.  Therefore, don't expect this constructor to
        -:  364:  // preserve the bits in x when x is a NAN.
        -:  365:  explicit FloatingPoint(const RawType& x) { u_.value_ = x; }
        -:  366:
        -:  367:  // Static methods
        -:  368:
        -:  369:  // Reinterprets a bit pattern as a floating-point number.
        -:  370:  //
        -:  371:  // This function is needed to test the AlmostEquals() method.
        -:  372:  static RawType ReinterpretBits(const Bits bits) {
        -:  373:    FloatingPoint fp(0);
        -:  374:    fp.u_.bits_ = bits;
        -:  375:    return fp.u_.value_;
        -:  376:  }
        -:  377:
        -:  378:  // Returns the floating-point number that represent positive infinity.
        -:  379:  static RawType Infinity() {
        -:  380:    return ReinterpretBits(kExponentBitMask);
        -:  381:  }
        -:  382:
        -:  383:  // Non-static methods
        -:  384:
        -:  385:  // Returns the bits that represents this number.
        -:  386:  const Bits &bits() const { return u_.bits_; }
        -:  387:
        -:  388:  // Returns the exponent bits of this number.
        -:  389:  Bits exponent_bits() const { return kExponentBitMask & u_.bits_; }
        -:  390:
        -:  391:  // Returns the fraction bits of this number.
        -:  392:  Bits fraction_bits() const { return kFractionBitMask & u_.bits_; }
        -:  393:
        -:  394:  // Returns the sign bit of this number.
        -:  395:  Bits sign_bit() const { return kSignBitMask & u_.bits_; }
        -:  396:
        -:  397:  // Returns true iff this is NAN (not a number).
        -:  398:  bool is_nan() const {
        -:  399:    // It's a NAN if the exponent bits are all ones and the fraction
        -:  400:    // bits are not entirely zeros.
        -:  401:    return (exponent_bits() == kExponentBitMask) && (fraction_bits() != 0);
        -:  402:  }
        -:  403:
        -:  404:  // Returns true iff this number is at most kMaxUlps ULP's away from
        -:  405:  // rhs.  In particular, this function:
        -:  406:  //
        -:  407:  //   - returns false if either number is (or both are) NAN.
        -:  408:  //   - treats really large numbers as almost equal to infinity.
        -:  409:  //   - thinks +0.0 and -0.0 are 0 DLP's apart.
        -:  410:  bool AlmostEquals(const FloatingPoint& rhs) const {
        -:  411:    // The IEEE standard says that any comparison operation involving
        -:  412:    // a NAN must return false.
        -:  413:    if (is_nan() || rhs.is_nan()) return false;
        -:  414:
        -:  415:    return DistanceBetweenSignAndMagnitudeNumbers(u_.bits_, rhs.u_.bits_)
        -:  416:        <= kMaxUlps;
        -:  417:  }
        -:  418:
        -:  419: private:
        -:  420:  // The data type used to store the actual floating-point number.
        -:  421:  union FloatingPointUnion {
        -:  422:    RawType value_;  // The raw floating-point number.
        -:  423:    Bits bits_;      // The bits that represent the number.
        -:  424:  };
        -:  425:
        -:  426:  // Converts an integer from the sign-and-magnitude representation to
        -:  427:  // the biased representation.  More precisely, let N be 2 to the
        -:  428:  // power of (kBitCount - 1), an integer x is represented by the
        -:  429:  // unsigned number x + N.
        -:  430:  //
        -:  431:  // For instance,
        -:  432:  //
        -:  433:  //   -N + 1 (the most negative number representable using
        -:  434:  //          sign-and-magnitude) is represented by 1;
        -:  435:  //   0      is represented by N; and
        -:  436:  //   N - 1  (the biggest number representable using
        -:  437:  //          sign-and-magnitude) is represented by 2N - 1.
        -:  438:  //
        -:  439:  // Read http://en.wikipedia.org/wiki/Signed_number_representations
        -:  440:  // for more details on signed number representations.
        -:  441:  static Bits SignAndMagnitudeToBiased(const Bits &sam) {
        -:  442:    if (kSignBitMask & sam) {
        -:  443:      // sam represents a negative number.
        -:  444:      return ~sam + 1;
        -:  445:    } else {
        -:  446:      // sam represents a positive number.
        -:  447:      return kSignBitMask | sam;
        -:  448:    }
        -:  449:  }
        -:  450:
        -:  451:  // Given two numbers in the sign-and-magnitude representation,
        -:  452:  // returns the distance between them as an unsigned number.
        -:  453:  static Bits DistanceBetweenSignAndMagnitudeNumbers(const Bits &sam1,
        -:  454:                                                     const Bits &sam2) {
        -:  455:    const Bits biased1 = SignAndMagnitudeToBiased(sam1);
        -:  456:    const Bits biased2 = SignAndMagnitudeToBiased(sam2);
        -:  457:    return (biased1 >= biased2) ? (biased1 - biased2) : (biased2 - biased1);
        -:  458:  }
        -:  459:
        -:  460:  FloatingPointUnion u_;
        -:  461:};
        -:  462:
        -:  463:// Typedefs the instances of the FloatingPoint template class that we
        -:  464:// care to use.
        -:  465:typedef FloatingPoint<float> Float;
        -:  466:typedef FloatingPoint<double> Double;
        -:  467:
        -:  468:// In order to catch the mistake of putting tests that use different
        -:  469:// test fixture classes in the same test case, we need to assign
        -:  470:// unique IDs to fixture classes and compare them.  The TypeId type is
        -:  471:// used to hold such IDs.  The user should treat TypeId as an opaque
        -:  472:// type: the only operation allowed on TypeId values is to compare
        -:  473:// them for equality using the == operator.
        -:  474:typedef const void* TypeId;
        -:  475:
        -:  476:template <typename T>
        -:  477:class TypeIdHelper {
        -:  478: public:
        -:  479:  // dummy_ must not have a const type.  Otherwise an overly eager
        -:  480:  // compiler (e.g. MSVC 7.1 & 8.0) may try to merge
        -:  481:  // TypeIdHelper<T>::dummy_ for different Ts as an "optimization".
        -:  482:  static bool dummy_;
        -:  483:};
        -:  484:
        -:  485:template <typename T>
        -:  486:bool TypeIdHelper<T>::dummy_ = false;
        -:  487:
        -:  488:// GetTypeId<T>() returns the ID of type T.  Different values will be
        -:  489:// returned for different types.  Calling the function twice with the
        -:  490:// same type argument is guaranteed to return the same ID.
        -:  491:template <typename T>
        -:  492:TypeId GetTypeId() {
        -:  493:  // The compiler is required to allocate a different
        -:  494:  // TypeIdHelper<T>::dummy_ variable for each T used to instantiate
        -:  495:  // the template.  Therefore, the address of dummy_ is guaranteed to
        -:  496:  // be unique.
        -:  497:  return &(TypeIdHelper<T>::dummy_);
        -:  498:}
        -:  499:
        -:  500:// Returns the type ID of ::testing::Test.  Always call this instead
        -:  501:// of GetTypeId< ::testing::Test>() to get the type ID of
        -:  502:// ::testing::Test, as the latter may give the wrong result due to a
        -:  503:// suspected linker bug when compiling Google Test as a Mac OS X
        -:  504:// framework.
        -:  505:GTEST_API_ TypeId GetTestTypeId();
        -:  506:
        -:  507:// Defines the abstract factory interface that creates instances
        -:  508:// of a Test object.
        -:  509:class TestFactoryBase {
        -:  510: public:
function _ZN7testing8internal15TestFactoryBaseD0Ev called 0 returned 0% blocks executed 0%
function _ZN7testing8internal15TestFactoryBaseD2Ev called 0 returned 0% blocks executed 0%
    #####:  511:  virtual ~TestFactoryBase() {}
call    0 never executed
call    1 never executed
branch  2 never executed
branch  3 never executed
call    4 never executed
        -:  512:
        -:  513:  // Creates a test instance to run. The instance is both created and destroyed
        -:  514:  // within TestInfoImpl::Run()
        -:  515:  virtual Test* CreateTest() = 0;
        -:  516:
        -:  517: protected:
function _ZN7testing8internal15TestFactoryBaseC2Ev called 92 returned 100% blocks executed 100%
       92:  518:  TestFactoryBase() {}
        -:  519:
        -:  520: private:
        -:  521:  GTEST_DISALLOW_COPY_AND_ASSIGN_(TestFactoryBase);
        -:  522:};
        -:  523:
        -:  524:// This class provides implementation of TeastFactoryBase interface.
        -:  525:// It is used in TEST and TEST_F macros.
        -:  526:template <class TestClass>
function _ZN7testing8internal15TestFactoryImplI32Integer_shift_left_digits_1_TestED0Ev called 0 returned 0% blocks executed 0%
function _ZN7testing8internal15TestFactoryImplI32Integer_shift_left_digits_1_TestED2Ev called 0 returned 0% blocks executed 0%
function _ZN7testing8internal15TestFactoryImplI32Integer_shift_left_digits_2_TestED0Ev called 0 returned 0% blocks executed 0%
function _ZN7testing8internal15TestFactoryImplI32Integer_shift_left_digits_2_TestED2Ev called 0 returned 0% blocks executed 0%
function _ZN7testing8internal15TestFactoryImplI32Integer_shift_left_digits_3_TestED0Ev called 0 returned 0% blocks executed 0%
function _ZN7testing8internal15TestFactoryImplI32Integer_shift_left_digits_3_TestED2Ev called 0 returned 0% blocks executed 0%
function _ZN7testing8internal15TestFactoryImplI33Integer_shift_right_digits_1_TestED0Ev called 0 returned 0% blocks executed 0%
function _ZN7testing8internal15TestFactoryImplI33Integer_shift_right_digits_1_TestED2Ev called 0 returned 0% blocks executed 0%
function _ZN7testing8internal15TestFactoryImplI33Integer_shift_right_digits_2_TestED0Ev called 0 returned 0% blocks executed 0%
function _ZN7testing8internal15TestFactoryImplI33Integer_shift_right_digits_2_TestED2Ev called 0 returned 0% blocks executed 0%
function _ZN7testing8internal15TestFactoryImplI33Integer_shift_right_digits_3_TestED0Ev called 0 returned 0% blocks executed 0%
function _ZN7testing8internal15TestFactoryImplI33Integer_shift_right_digits_3_TestED2Ev called 0 returned 0% blocks executed 0%
function _ZN7testing8internal15TestFactoryImplI26Integer_plus_digits_1_TestED0Ev called 0 returned 0% blocks executed 0%
function _ZN7testing8internal15TestFactoryImplI26Integer_plus_digits_1_TestED2Ev called 0 returned 0% blocks executed 0%
function _ZN7testing8internal15TestFactoryImplI26Integer_plus_digits_2_TestED0Ev called 0 returned 0% blocks executed 0%
function _ZN7testing8internal15TestFactoryImplI26Integer_plus_digits_2_TestED2Ev called 0 returned 0% blocks executed 0%
function _ZN7testing8internal15TestFactoryImplI26Integer_plus_digits_3_TestED0Ev called 0 returned 0% blocks executed 0%
function _ZN7testing8internal15TestFactoryImplI26Integer_plus_digits_3_TestED2Ev called 0 returned 0% blocks executed 0%
function _ZN7testing8internal15TestFactoryImplI26Integer_plus_digits_4_TestED0Ev called 0 returned 0% blocks executed 0%
function _ZN7testing8internal15TestFactoryImplI26Integer_plus_digits_4_TestED2Ev called 0 returned 0% blocks executed 0%
function _ZN7testing8internal15TestFactoryImplI26Integer_plus_digits_5_TestED0Ev called 0 returned 0% blocks executed 0%
function _ZN7testing8internal15TestFactoryImplI26Integer_plus_digits_5_TestED2Ev called 0 returned 0% blocks executed 0%
function _ZN7testing8internal15TestFactoryImplI27Integer_minus_digits_1_TestED0Ev called 0 returned 0% blocks executed 0%
function _ZN7testing8internal15TestFactoryImplI27Integer_minus_digits_1_TestED2Ev called 0 returned 0% blocks executed 0%
function _ZN7testing8internal15TestFactoryImplI27Integer_minus_digits_2_TestED0Ev called 0 returned 0% blocks executed 0%
function _ZN7testing8internal15TestFactoryImplI27Integer_minus_digits_2_TestED2Ev called 0 returned 0% blocks executed 0%
function _ZN7testing8internal15TestFactoryImplI27Integer_minus_digits_3_TestED0Ev called 0 returned 0% blocks executed 0%
function _ZN7testing8internal15TestFactoryImplI27Integer_minus_digits_3_TestED2Ev called 0 returned 0% blocks executed 0%
function _ZN7testing8internal15TestFactoryImplI27Integer_minus_digits_4_TestED0Ev called 0 returned 0% blocks executed 0%
function _ZN7testing8internal15TestFactoryImplI27Integer_minus_digits_4_TestED2Ev called 0 returned 0% blocks executed 0%
function _ZN7testing8internal15TestFactoryImplI27Integer_minus_digits_7_TestED0Ev called 0 returned 0% blocks executed 0%
function _ZN7testing8internal15TestFactoryImplI27Integer_minus_digits_7_TestED2Ev called 0 returned 0% blocks executed 0%
function _ZN7testing8internal15TestFactoryImplI32Integer_multiplies_digits_1_TestED0Ev called 0 returned 0% blocks executed 0%
function _ZN7testing8internal15TestFactoryImplI32Integer_multiplies_digits_1_TestED2Ev called 0 returned 0% blocks executed 0%
function _ZN7testing8internal15TestFactoryImplI32Integer_multiplies_digits_2_TestED0Ev called 0 returned 0% blocks executed 0%
function _ZN7testing8internal15TestFactoryImplI32Integer_multiplies_digits_2_TestED2Ev called 0 returned 0% blocks executed 0%
function _ZN7testing8internal15TestFactoryImplI32Integer_multiplies_digits_3_TestED0Ev called 0 returned 0% blocks executed 0%
function _ZN7testing8internal15TestFactoryImplI32Integer_multiplies_digits_3_TestED2Ev called 0 returned 0% blocks executed 0%
function _ZN7testing8internal15TestFactoryImplI32Integer_multiplies_digits_4_TestED0Ev called 0 returned 0% blocks executed 0%
function _ZN7testing8internal15TestFactoryImplI32Integer_multiplies_digits_4_TestED2Ev called 0 returned 0% blocks executed 0%
function _ZN7testing8internal15TestFactoryImplI26Integer_constructor_1_TestED0Ev called 0 returned 0% blocks executed 0%
function _ZN7testing8internal15TestFactoryImplI26Integer_constructor_1_TestED2Ev called 0 returned 0% blocks executed 0%
function _ZN7testing8internal15TestFactoryImplI26Integer_constructor_2_TestED0Ev called 0 returned 0% blocks executed 0%
function _ZN7testing8internal15TestFactoryImplI26Integer_constructor_2_TestED2Ev called 0 returned 0% blocks executed 0%
function _ZN7testing8internal15TestFactoryImplI26Integer_constructor_3_TestED0Ev called 0 returned 0% blocks executed 0%
function _ZN7testing8internal15TestFactoryImplI26Integer_constructor_3_TestED2Ev called 0 returned 0% blocks executed 0%
function _ZN7testing8internal15TestFactoryImplI18Integer_abs_1_TestED0Ev called 0 returned 0% blocks executed 0%
function _ZN7testing8internal15TestFactoryImplI18Integer_abs_1_TestED2Ev called 0 returned 0% blocks executed 0%
function _ZN7testing8internal15TestFactoryImplI18Integer_abs_2_TestED0Ev called 0 returned 0% blocks executed 0%
function _ZN7testing8internal15TestFactoryImplI18Integer_abs_2_TestED2Ev called 0 returned 0% blocks executed 0%
function _ZN7testing8internal15TestFactoryImplI18Integer_abs_3_TestED0Ev called 0 returned 0% blocks executed 0%
function _ZN7testing8internal15TestFactoryImplI18Integer_abs_3_TestED2Ev called 0 returned 0% blocks executed 0%
function _ZN7testing8internal15TestFactoryImplI18Integer_abs_4_TestED0Ev called 0 returned 0% blocks executed 0%
function _ZN7testing8internal15TestFactoryImplI18Integer_abs_4_TestED2Ev called 0 returned 0% blocks executed 0%
function _ZN7testing8internal15TestFactoryImplI23Integer_equal_to_1_TestED0Ev called 0 returned 0% blocks executed 0%
function _ZN7testing8internal15TestFactoryImplI23Integer_equal_to_1_TestED2Ev called 0 returned 0% blocks executed 0%
function _ZN7testing8internal15TestFactoryImplI23Integer_equal_to_2_TestED0Ev called 0 returned 0% blocks executed 0%
function _ZN7testing8internal15TestFactoryImplI23Integer_equal_to_2_TestED2Ev called 0 returned 0% blocks executed 0%
function _ZN7testing8internal15TestFactoryImplI23Integer_equal_to_3_TestED0Ev called 0 returned 0% blocks executed 0%
function _ZN7testing8internal15TestFactoryImplI23Integer_equal_to_3_TestED2Ev called 0 returned 0% blocks executed 0%
function _ZN7testing8internal15TestFactoryImplI23Integer_equal_to_4_TestED0Ev called 0 returned 0% blocks executed 0%
function _ZN7testing8internal15TestFactoryImplI23Integer_equal_to_4_TestED2Ev called 0 returned 0% blocks executed 0%
function _ZN7testing8internal15TestFactoryImplI23Integer_negation_1_TestED0Ev called 0 returned 0% blocks executed 0%
function _ZN7testing8internal15TestFactoryImplI23Integer_negation_1_TestED2Ev called 0 returned 0% blocks executed 0%
function _ZN7testing8internal15TestFactoryImplI23Integer_negation_2_TestED0Ev called 0 returned 0% blocks executed 0%
function _ZN7testing8internal15TestFactoryImplI23Integer_negation_2_TestED2Ev called 0 returned 0% blocks executed 0%
function _ZN7testing8internal15TestFactoryImplI23Integer_negation_3_TestED0Ev called 0 returned 0% blocks executed 0%
function _ZN7testing8internal15TestFactoryImplI23Integer_negation_3_TestED2Ev called 0 returned 0% blocks executed 0%
function _ZN7testing8internal15TestFactoryImplI21Integer_output_1_TestED0Ev called 0 returned 0% blocks executed 0%
function _ZN7testing8internal15TestFactoryImplI21Integer_output_1_TestED2Ev called 0 returned 0% blocks executed 0%
function _ZN7testing8internal15TestFactoryImplI21Integer_output_2_TestED0Ev called 0 returned 0% blocks executed 0%
function _ZN7testing8internal15TestFactoryImplI21Integer_output_2_TestED2Ev called 0 returned 0% blocks executed 0%
function _ZN7testing8internal15TestFactoryImplI21Integer_output_3_TestED0Ev called 0 returned 0% blocks executed 0%
function _ZN7testing8internal15TestFactoryImplI21Integer_output_3_TestED2Ev called 0 returned 0% blocks executed 0%
function _ZN7testing8internal15TestFactoryImplI18Integer_pow_3_TestED0Ev called 0 returned 0% blocks executed 0%
function _ZN7testing8internal15TestFactoryImplI18Integer_pow_3_TestED2Ev called 0 returned 0% blocks executed 0%
function _ZN7testing8internal15TestFactoryImplI18Integer_pow_4_TestED0Ev called 0 returned 0% blocks executed 0%
function _ZN7testing8internal15TestFactoryImplI18Integer_pow_4_TestED2Ev called 0 returned 0% blocks executed 0%
function _ZN7testing8internal15TestFactoryImplI18Integer_pow_5_TestED0Ev called 0 returned 0% blocks executed 0%
function _ZN7testing8internal15TestFactoryImplI18Integer_pow_5_TestED2Ev called 0 returned 0% blocks executed 0%
function _ZN7testing8internal15TestFactoryImplI33Integer_operator_less_than_1_TestED0Ev called 0 returned 0% blocks executed 0%
function _ZN7testing8internal15TestFactoryImplI33Integer_operator_less_than_1_TestED2Ev called 0 returned 0% blocks executed 0%
function _ZN7testing8internal15TestFactoryImplI33Integer_operator_less_than_2_TestED0Ev called 0 returned 0% blocks executed 0%
function _ZN7testing8internal15TestFactoryImplI33Integer_operator_less_than_2_TestED2Ev called 0 returned 0% blocks executed 0%
function _ZN7testing8internal15TestFactoryImplI33Integer_operator_less_than_3_TestED0Ev called 0 returned 0% blocks executed 0%
function _ZN7testing8internal15TestFactoryImplI33Integer_operator_less_than_3_TestED2Ev called 0 returned 0% blocks executed 0%
function _ZN7testing8internal15TestFactoryImplI33Integer_operator_less_than_4_TestED0Ev called 0 returned 0% blocks executed 0%
function _ZN7testing8internal15TestFactoryImplI33Integer_operator_less_than_4_TestED2Ev called 0 returned 0% blocks executed 0%
function _ZN7testing8internal15TestFactoryImplI33Integer_operator_less_than_5_TestED0Ev called 0 returned 0% blocks executed 0%
function _ZN7testing8internal15TestFactoryImplI33Integer_operator_less_than_5_TestED2Ev called 0 returned 0% blocks executed 0%
function _ZN7testing8internal15TestFactoryImplI34Integer_operator_plus_equal_1_TestED0Ev called 0 returned 0% blocks executed 0%
function _ZN7testing8internal15TestFactoryImplI34Integer_operator_plus_equal_1_TestED2Ev called 0 returned 0% blocks executed 0%
function _ZN7testing8internal15TestFactoryImplI34Integer_operator_plus_equal_2_TestED0Ev called 0 returned 0% blocks executed 0%
function _ZN7testing8internal15TestFactoryImplI34Integer_operator_plus_equal_2_TestED2Ev called 0 returned 0% blocks executed 0%
function _ZN7testing8internal15TestFactoryImplI34Integer_operator_plus_equal_3_TestED0Ev called 0 returned 0% blocks executed 0%
function _ZN7testing8internal15TestFactoryImplI34Integer_operator_plus_equal_3_TestED2Ev called 0 returned 0% blocks executed 0%
function _ZN7testing8internal15TestFactoryImplI34Integer_operator_plus_equal_4_TestED0Ev called 0 returned 0% blocks executed 0%
function _ZN7testing8internal15TestFactoryImplI34Integer_operator_plus_equal_4_TestED2Ev called 0 returned 0% blocks executed 0%
function _ZN7testing8internal15TestFactoryImplI35Integer_operator_minus_equal_1_TestED0Ev called 0 returned 0% blocks executed 0%
function _ZN7testing8internal15TestFactoryImplI35Integer_operator_minus_equal_1_TestED2Ev called 0 returned 0% blocks executed 0%
function _ZN7testing8internal15TestFactoryImplI35Integer_operator_minus_equal_2_TestED0Ev called 0 returned 0% blocks executed 0%
function _ZN7testing8internal15TestFactoryImplI35Integer_operator_minus_equal_2_TestED2Ev called 0 returned 0% blocks executed 0%
function _ZN7testing8internal15TestFactoryImplI38Integer_operator_multiply_equal_1_TestED0Ev called 0 returned 0% blocks executed 0%
function _ZN7testing8internal15TestFactoryImplI38Integer_operator_multiply_equal_1_TestED2Ev called 0 returned 0% blocks executed 0%
function _ZN7testing8internal15TestFactoryImplI38Integer_operator_multiply_equal_2_TestED0Ev called 0 returned 0% blocks executed 0%
function _ZN7testing8internal15TestFactoryImplI38Integer_operator_multiply_equal_2_TestED2Ev called 0 returned 0% blocks executed 0%
function _ZN7testing8internal15TestFactoryImplI35Integer_operator_equal_equal_1_TestED0Ev called 0 returned 0% blocks executed 0%
function _ZN7testing8internal15TestFactoryImplI35Integer_operator_equal_equal_1_TestED2Ev called 0 returned 0% blocks executed 0%
function _ZN7testing8internal15TestFactoryImplI35Integer_operator_equal_equal_2_TestED0Ev called 0 returned 0% blocks executed 0%
function _ZN7testing8internal15TestFactoryImplI35Integer_operator_equal_equal_2_TestED2Ev called 0 returned 0% blocks executed 0%
function _ZN7testing8internal15TestFactoryImplI35Integer_operator_equal_equal_3_TestED0Ev called 0 returned 0% blocks executed 0%
function _ZN7testing8internal15TestFactoryImplI35Integer_operator_equal_equal_3_TestED2Ev called 0 returned 0% blocks executed 0%
function _ZN7testing8internal15TestFactoryImplI35Integer_operator_equal_equal_4_TestED0Ev called 0 returned 0% blocks executed 0%
function _ZN7testing8internal15TestFactoryImplI35Integer_operator_equal_equal_4_TestED2Ev called 0 returned 0% blocks executed 0%
function _ZN7testing8internal15TestFactoryImplI33Integer_operator_not_equal_1_TestED0Ev called 0 returned 0% blocks executed 0%
function _ZN7testing8internal15TestFactoryImplI33Integer_operator_not_equal_1_TestED2Ev called 0 returned 0% blocks executed 0%
function _ZN7testing8internal15TestFactoryImplI33Integer_operator_not_equal_2_TestED0Ev called 0 returned 0% blocks executed 0%
function _ZN7testing8internal15TestFactoryImplI33Integer_operator_not_equal_2_TestED2Ev called 0 returned 0% blocks executed 0%
function _ZN7testing8internal15TestFactoryImplI33Integer_operator_not_equal_3_TestED0Ev called 0 returned 0% blocks executed 0%
function _ZN7testing8internal15TestFactoryImplI33Integer_operator_not_equal_3_TestED2Ev called 0 returned 0% blocks executed 0%
function _ZN7testing8internal15TestFactoryImplI33Integer_operator_not_equal_4_TestED0Ev called 0 returned 0% blocks executed 0%
function _ZN7testing8internal15TestFactoryImplI33Integer_operator_not_equal_4_TestED2Ev called 0 returned 0% blocks executed 0%
function _ZN7testing8internal15TestFactoryImplI39Integer_operator_less_than_equal_1_TestED0Ev called 0 returned 0% blocks executed 0%
function _ZN7testing8internal15TestFactoryImplI39Integer_operator_less_than_equal_1_TestED2Ev called 0 returned 0% blocks executed 0%
function _ZN7testing8internal15TestFactoryImplI39Integer_operator_less_than_equal_2_TestED0Ev called 0 returned 0% blocks executed 0%
function _ZN7testing8internal15TestFactoryImplI39Integer_operator_less_than_equal_2_TestED2Ev called 0 returned 0% blocks executed 0%
function _ZN7testing8internal15TestFactoryImplI39Integer_operator_less_than_equal_3_TestED0Ev called 0 returned 0% blocks executed 0%
function _ZN7testing8internal15TestFactoryImplI39Integer_operator_less_than_equal_3_TestED2Ev called 0 returned 0% blocks executed 0%
function _ZN7testing8internal15TestFactoryImplI36Integer_operator_greater_than_1_TestED0Ev called 0 returned 0% blocks executed 0%
function _ZN7testing8internal15TestFactoryImplI36Integer_operator_greater_than_1_TestED2Ev called 0 returned 0% blocks executed 0%
function _ZN7testing8internal15TestFactoryImplI36Integer_operator_greater_than_2_TestED0Ev called 0 returned 0% blocks executed 0%
function _ZN7testing8internal15TestFactoryImplI36Integer_operator_greater_than_2_TestED2Ev called 0 returned 0% blocks executed 0%
function _ZN7testing8internal15TestFactoryImplI36Integer_operator_greater_than_3_TestED0Ev called 0 returned 0% blocks executed 0%
function _ZN7testing8internal15TestFactoryImplI36Integer_operator_greater_than_3_TestED2Ev called 0 returned 0% blocks executed 0%
function _ZN7testing8internal15TestFactoryImplI42Integer_operator_greater_than_equal_1_TestED0Ev called 0 returned 0% blocks executed 0%
function _ZN7testing8internal15TestFactoryImplI42Integer_operator_greater_than_equal_1_TestED2Ev called 0 returned 0% blocks executed 0%
function _ZN7testing8internal15TestFactoryImplI42Integer_operator_greater_than_equal_2_TestED0Ev called 0 returned 0% blocks executed 0%
function _ZN7testing8internal15TestFactoryImplI42Integer_operator_greater_than_equal_2_TestED2Ev called 0 returned 0% blocks executed 0%
function _ZN7testing8internal15TestFactoryImplI42Integer_operator_greater_than_equal_3_TestED0Ev called 0 returned 0% blocks executed 0%
function _ZN7testing8internal15TestFactoryImplI42Integer_operator_greater_than_equal_3_TestED2Ev called 0 returned 0% blocks executed 0%
function _ZN7testing8internal15TestFactoryImplI28Integer_operator_plus_1_TestED0Ev called 0 returned 0% blocks executed 0%
function _ZN7testing8internal15TestFactoryImplI28Integer_operator_plus_1_TestED2Ev called 0 returned 0% blocks executed 0%
function _ZN7testing8internal15TestFactoryImplI28Integer_operator_plus_2_TestED0Ev called 0 returned 0% blocks executed 0%
function _ZN7testing8internal15TestFactoryImplI28Integer_operator_plus_2_TestED2Ev called 0 returned 0% blocks executed 0%
function _ZN7testing8internal15TestFactoryImplI28Integer_operator_plus_3_TestED0Ev called 0 returned 0% blocks executed 0%
function _ZN7testing8internal15TestFactoryImplI28Integer_operator_plus_3_TestED2Ev called 0 returned 0% blocks executed 0%
function _ZN7testing8internal15TestFactoryImplI28Integer_operator_plus_4_TestED0Ev called 0 returned 0% blocks executed 0%
function _ZN7testing8internal15TestFactoryImplI28Integer_operator_plus_4_TestED2Ev called 0 returned 0% blocks executed 0%
function _ZN7testing8internal15TestFactoryImplI32Integer_operator_multiply_1_TestED0Ev called 0 returned 0% blocks executed 0%
function _ZN7testing8internal15TestFactoryImplI32Integer_operator_multiply_1_TestED2Ev called 0 returned 0% blocks executed 0%
function _ZN7testing8internal15TestFactoryImplI32Integer_operator_multiply_2_TestED0Ev called 0 returned 0% blocks executed 0%
function _ZN7testing8internal15TestFactoryImplI32Integer_operator_multiply_2_TestED2Ev called 0 returned 0% blocks executed 0%
function _ZN7testing8internal15TestFactoryImplI32Integer_operator_multiply_3_TestED0Ev called 0 returned 0% blocks executed 0%
function _ZN7testing8internal15TestFactoryImplI32Integer_operator_multiply_3_TestED2Ev called 0 returned 0% blocks executed 0%
function _ZN7testing8internal15TestFactoryImplI35Integer_operator_right_shift_1_TestED0Ev called 0 returned 0% blocks executed 0%
function _ZN7testing8internal15TestFactoryImplI35Integer_operator_right_shift_1_TestED2Ev called 0 returned 0% blocks executed 0%
function _ZN7testing8internal15TestFactoryImplI35Integer_operator_right_shift_2_TestED0Ev called 0 returned 0% blocks executed 0%
function _ZN7testing8internal15TestFactoryImplI35Integer_operator_right_shift_2_TestED2Ev called 0 returned 0% blocks executed 0%
function _ZN7testing8internal15TestFactoryImplI35Integer_operator_right_shift_3_TestED0Ev called 0 returned 0% blocks executed 0%
function _ZN7testing8internal15TestFactoryImplI35Integer_operator_right_shift_3_TestED2Ev called 0 returned 0% blocks executed 0%
function _ZN7testing8internal15TestFactoryImplI34Integer_operator_left_shift_1_TestED0Ev called 0 returned 0% blocks executed 0%
function _ZN7testing8internal15TestFactoryImplI34Integer_operator_left_shift_1_TestED2Ev called 0 returned 0% blocks executed 0%
function _ZN7testing8internal15TestFactoryImplI34Integer_operator_left_shift_2_TestED0Ev called 0 returned 0% blocks executed 0%
function _ZN7testing8internal15TestFactoryImplI34Integer_operator_left_shift_2_TestED2Ev called 0 returned 0% blocks executed 0%
function _ZN7testing8internal15TestFactoryImplI40Integer_operator_prefix_increment_1_TestED0Ev called 0 returned 0% blocks executed 0%
function _ZN7testing8internal15TestFactoryImplI40Integer_operator_prefix_increment_1_TestED2Ev called 0 returned 0% blocks executed 0%
function _ZN7testing8internal15TestFactoryImplI41Integer_ooperator_prefix_increment_2_TestED0Ev called 0 returned 0% blocks executed 0%
function _ZN7testing8internal15TestFactoryImplI41Integer_ooperator_prefix_increment_2_TestED2Ev called 0 returned 0% blocks executed 0%
function _ZN7testing8internal15TestFactoryImplI40Integer_operator_prefix_increment_3_TestED0Ev called 0 returned 0% blocks executed 0%
function _ZN7testing8internal15TestFactoryImplI40Integer_operator_prefix_increment_3_TestED2Ev called 0 returned 0% blocks executed 0%
function _ZN7testing8internal15TestFactoryImplI41Integer_operator_postfix_increment_1_TestED0Ev called 0 returned 0% blocks executed 0%
function _ZN7testing8internal15TestFactoryImplI41Integer_operator_postfix_increment_1_TestED2Ev called 0 returned 0% blocks executed 0%
function _ZN7testing8internal15TestFactoryImplI41Integer_operator_postfix_increment_2_TestED0Ev called 0 returned 0% blocks executed 0%
function _ZN7testing8internal15TestFactoryImplI41Integer_operator_postfix_increment_2_TestED2Ev called 0 returned 0% blocks executed 0%
function _ZN7testing8internal15TestFactoryImplI41Integer_operator_postfix_increment_3_TestED0Ev called 0 returned 0% blocks executed 0%
function _ZN7testing8internal15TestFactoryImplI41Integer_operator_postfix_increment_3_TestED2Ev called 0 returned 0% blocks executed 0%
function _ZN7testing8internal15TestFactoryImplI40Integer_operator_prefix_decrement_1_TestED0Ev called 0 returned 0% blocks executed 0%
function _ZN7testing8internal15TestFactoryImplI40Integer_operator_prefix_decrement_1_TestED2Ev called 0 returned 0% blocks executed 0%
function _ZN7testing8internal15TestFactoryImplI40Integer_operator_prefix_decrement_2_TestED0Ev called 0 returned 0% blocks executed 0%
function _ZN7testing8internal15TestFactoryImplI40Integer_operator_prefix_decrement_2_TestED2Ev called 0 returned 0% blocks executed 0%
function _ZN7testing8internal15TestFactoryImplI41Integer_operator_postfix_decrement_1_TestED0Ev called 0 returned 0% blocks executed 0%
function _ZN7testing8internal15TestFactoryImplI41Integer_operator_postfix_decrement_1_TestED2Ev called 0 returned 0% blocks executed 0%
function _ZN7testing8internal15TestFactoryImplI41Integer_operator_postfix_decrement_2_TestED0Ev called 0 returned 0% blocks executed 0%
function _ZN7testing8internal15TestFactoryImplI41Integer_operator_postfix_decrement_2_TestED2Ev called 0 returned 0% blocks executed 0%
function _ZN7testing8internal15TestFactoryImplI41Integer_operator_postfix_decrement_2_TestEC2Ev called 1 returned 100% blocks executed 100%
function _ZN7testing8internal15TestFactoryImplI41Integer_operator_postfix_decrement_1_TestEC2Ev called 1 returned 100% blocks executed 100%
function _ZN7testing8internal15TestFactoryImplI40Integer_operator_prefix_decrement_2_TestEC2Ev called 1 returned 100% blocks executed 100%
function _ZN7testing8internal15TestFactoryImplI40Integer_operator_prefix_decrement_1_TestEC2Ev called 1 returned 100% blocks executed 100%
function _ZN7testing8internal15TestFactoryImplI41Integer_operator_postfix_increment_3_TestEC2Ev called 1 returned 100% blocks executed 100%
function _ZN7testing8internal15TestFactoryImplI41Integer_operator_postfix_increment_2_TestEC2Ev called 1 returned 100% blocks executed 100%
function _ZN7testing8internal15TestFactoryImplI41Integer_operator_postfix_increment_1_TestEC2Ev called 1 returned 100% blocks executed 100%
function _ZN7testing8internal15TestFactoryImplI40Integer_operator_prefix_increment_3_TestEC2Ev called 1 returned 100% blocks executed 100%
function _ZN7testing8internal15TestFactoryImplI41Integer_ooperator_prefix_increment_2_TestEC2Ev called 1 returned 100% blocks executed 100%
function _ZN7testing8internal15TestFactoryImplI40Integer_operator_prefix_increment_1_TestEC2Ev called 1 returned 100% blocks executed 100%
function _ZN7testing8internal15TestFactoryImplI34Integer_operator_left_shift_2_TestEC2Ev called 1 returned 100% blocks executed 100%
function _ZN7testing8internal15TestFactoryImplI34Integer_operator_left_shift_1_TestEC2Ev called 1 returned 100% blocks executed 100%
function _ZN7testing8internal15TestFactoryImplI35Integer_operator_right_shift_3_TestEC2Ev called 1 returned 100% blocks executed 100%
function _ZN7testing8internal15TestFactoryImplI35Integer_operator_right_shift_2_TestEC2Ev called 1 returned 100% blocks executed 100%
function _ZN7testing8internal15TestFactoryImplI35Integer_operator_right_shift_1_TestEC2Ev called 1 returned 100% blocks executed 100%
function _ZN7testing8internal15TestFactoryImplI32Integer_operator_multiply_3_TestEC2Ev called 1 returned 100% blocks executed 100%
function _ZN7testing8internal15TestFactoryImplI32Integer_operator_multiply_2_TestEC2Ev called 1 returned 100% blocks executed 100%
function _ZN7testing8internal15TestFactoryImplI32Integer_operator_multiply_1_TestEC2Ev called 1 returned 100% blocks executed 100%
function _ZN7testing8internal15TestFactoryImplI28Integer_operator_plus_4_TestEC2Ev called 1 returned 100% blocks executed 100%
function _ZN7testing8internal15TestFactoryImplI28Integer_operator_plus_3_TestEC2Ev called 1 returned 100% blocks executed 100%
function _ZN7testing8internal15TestFactoryImplI28Integer_operator_plus_2_TestEC2Ev called 1 returned 100% blocks executed 100%
function _ZN7testing8internal15TestFactoryImplI28Integer_operator_plus_1_TestEC2Ev called 1 returned 100% blocks executed 100%
function _ZN7testing8internal15TestFactoryImplI42Integer_operator_greater_than_equal_3_TestEC2Ev called 1 returned 100% blocks executed 100%
function _ZN7testing8internal15TestFactoryImplI42Integer_operator_greater_than_equal_2_TestEC2Ev called 1 returned 100% blocks executed 100%
function _ZN7testing8internal15TestFactoryImplI42Integer_operator_greater_than_equal_1_TestEC2Ev called 1 returned 100% blocks executed 100%
function _ZN7testing8internal15TestFactoryImplI36Integer_operator_greater_than_3_TestEC2Ev called 1 returned 100% blocks executed 100%
function _ZN7testing8internal15TestFactoryImplI36Integer_operator_greater_than_2_TestEC2Ev called 1 returned 100% blocks executed 100%
function _ZN7testing8internal15TestFactoryImplI36Integer_operator_greater_than_1_TestEC2Ev called 1 returned 100% blocks executed 100%
function _ZN7testing8internal15TestFactoryImplI39Integer_operator_less_than_equal_3_TestEC2Ev called 1 returned 100% blocks executed 100%
function _ZN7testing8internal15TestFactoryImplI39Integer_operator_less_than_equal_2_TestEC2Ev called 1 returned 100% blocks executed 100%
function _ZN7testing8internal15TestFactoryImplI39Integer_operator_less_than_equal_1_TestEC2Ev called 1 returned 100% blocks executed 100%
function _ZN7testing8internal15TestFactoryImplI33Integer_operator_not_equal_4_TestEC2Ev called 1 returned 100% blocks executed 100%
function _ZN7testing8internal15TestFactoryImplI33Integer_operator_not_equal_3_TestEC2Ev called 1 returned 100% blocks executed 100%
function _ZN7testing8internal15TestFactoryImplI33Integer_operator_not_equal_2_TestEC2Ev called 1 returned 100% blocks executed 100%
function _ZN7testing8internal15TestFactoryImplI33Integer_operator_not_equal_1_TestEC2Ev called 1 returned 100% blocks executed 100%
function _ZN7testing8internal15TestFactoryImplI35Integer_operator_equal_equal_4_TestEC2Ev called 1 returned 100% blocks executed 100%
function _ZN7testing8internal15TestFactoryImplI35Integer_operator_equal_equal_3_TestEC2Ev called 1 returned 100% blocks executed 100%
function _ZN7testing8internal15TestFactoryImplI35Integer_operator_equal_equal_2_TestEC2Ev called 1 returned 100% blocks executed 100%
function _ZN7testing8internal15TestFactoryImplI35Integer_operator_equal_equal_1_TestEC2Ev called 1 returned 100% blocks executed 100%
function _ZN7testing8internal15TestFactoryImplI38Integer_operator_multiply_equal_2_TestEC2Ev called 1 returned 100% blocks executed 100%
function _ZN7testing8internal15TestFactoryImplI38Integer_operator_multiply_equal_1_TestEC2Ev called 1 returned 100% blocks executed 100%
function _ZN7testing8internal15TestFactoryImplI35Integer_operator_minus_equal_2_TestEC2Ev called 1 returned 100% blocks executed 100%
function _ZN7testing8internal15TestFactoryImplI35Integer_operator_minus_equal_1_TestEC2Ev called 1 returned 100% blocks executed 100%
function _ZN7testing8internal15TestFactoryImplI34Integer_operator_plus_equal_4_TestEC2Ev called 1 returned 100% blocks executed 100%
function _ZN7testing8internal15TestFactoryImplI34Integer_operator_plus_equal_3_TestEC2Ev called 1 returned 100% blocks executed 100%
function _ZN7testing8internal15TestFactoryImplI34Integer_operator_plus_equal_2_TestEC2Ev called 1 returned 100% blocks executed 100%
function _ZN7testing8internal15TestFactoryImplI34Integer_operator_plus_equal_1_TestEC2Ev called 1 returned 100% blocks executed 100%
function _ZN7testing8internal15TestFactoryImplI33Integer_operator_less_than_5_TestEC2Ev called 1 returned 100% blocks executed 100%
function _ZN7testing8internal15TestFactoryImplI33Integer_operator_less_than_4_TestEC2Ev called 1 returned 100% blocks executed 100%
function _ZN7testing8internal15TestFactoryImplI33Integer_operator_less_than_3_TestEC2Ev called 1 returned 100% blocks executed 100%
function _ZN7testing8internal15TestFactoryImplI33Integer_operator_less_than_2_TestEC2Ev called 1 returned 100% blocks executed 100%
function _ZN7testing8internal15TestFactoryImplI33Integer_operator_less_than_1_TestEC2Ev called 1 returned 100% blocks executed 100%
function _ZN7testing8internal15TestFactoryImplI18Integer_pow_5_TestEC2Ev called 1 returned 100% blocks executed 100%
function _ZN7testing8internal15TestFactoryImplI18Integer_pow_4_TestEC2Ev called 1 returned 100% blocks executed 100%
function _ZN7testing8internal15TestFactoryImplI18Integer_pow_3_TestEC2Ev called 1 returned 100% blocks executed 100%
function _ZN7testing8internal15TestFactoryImplI21Integer_output_3_TestEC2Ev called 1 returned 100% blocks executed 100%
function _ZN7testing8internal15TestFactoryImplI21Integer_output_2_TestEC2Ev called 1 returned 100% blocks executed 100%
function _ZN7testing8internal15TestFactoryImplI21Integer_output_1_TestEC2Ev called 1 returned 100% blocks executed 100%
function _ZN7testing8internal15TestFactoryImplI23Integer_negation_3_TestEC2Ev called 1 returned 100% blocks executed 100%
function _ZN7testing8internal15TestFactoryImplI23Integer_negation_2_TestEC2Ev called 1 returned 100% blocks executed 100%
function _ZN7testing8internal15TestFactoryImplI23Integer_negation_1_TestEC2Ev called 1 returned 100% blocks executed 100%
function _ZN7testing8internal15TestFactoryImplI23Integer_equal_to_4_TestEC2Ev called 1 returned 100% blocks executed 100%
function _ZN7testing8internal15TestFactoryImplI23Integer_equal_to_3_TestEC2Ev called 1 returned 100% blocks executed 100%
function _ZN7testing8internal15TestFactoryImplI23Integer_equal_to_2_TestEC2Ev called 1 returned 100% blocks executed 100%
function _ZN7testing8internal15TestFactoryImplI23Integer_equal_to_1_TestEC2Ev called 1 returned 100% blocks executed 100%
function _ZN7testing8internal15TestFactoryImplI18Integer_abs_4_TestEC2Ev called 1 returned 100% blocks executed 100%
function _ZN7testing8internal15TestFactoryImplI18Integer_abs_3_TestEC2Ev called 1 returned 100% blocks executed 100%
function _ZN7testing8internal15TestFactoryImplI18Integer_abs_2_TestEC2Ev called 1 returned 100% blocks executed 100%
function _ZN7testing8internal15TestFactoryImplI18Integer_abs_1_TestEC2Ev called 1 returned 100% blocks executed 100%
function _ZN7testing8internal15TestFactoryImplI26Integer_constructor_3_TestEC2Ev called 1 returned 100% blocks executed 100%
function _ZN7testing8internal15TestFactoryImplI26Integer_constructor_2_TestEC2Ev called 1 returned 100% blocks executed 100%
function _ZN7testing8internal15TestFactoryImplI26Integer_constructor_1_TestEC2Ev called 1 returned 100% blocks executed 100%
function _ZN7testing8internal15TestFactoryImplI32Integer_multiplies_digits_4_TestEC2Ev called 1 returned 100% blocks executed 100%
function _ZN7testing8internal15TestFactoryImplI32Integer_multiplies_digits_3_TestEC2Ev called 1 returned 100% blocks executed 100%
function _ZN7testing8internal15TestFactoryImplI32Integer_multiplies_digits_2_TestEC2Ev called 1 returned 100% blocks executed 100%
function _ZN7testing8internal15TestFactoryImplI32Integer_multiplies_digits_1_TestEC2Ev called 1 returned 100% blocks executed 100%
function _ZN7testing8internal15TestFactoryImplI27Integer_minus_digits_7_TestEC2Ev called 1 returned 100% blocks executed 100%
function _ZN7testing8internal15TestFactoryImplI27Integer_minus_digits_4_TestEC2Ev called 1 returned 100% blocks executed 100%
function _ZN7testing8internal15TestFactoryImplI27Integer_minus_digits_3_TestEC2Ev called 1 returned 100% blocks executed 100%
function _ZN7testing8internal15TestFactoryImplI27Integer_minus_digits_2_TestEC2Ev called 1 returned 100% blocks executed 100%
function _ZN7testing8internal15TestFactoryImplI27Integer_minus_digits_1_TestEC2Ev called 1 returned 100% blocks executed 100%
function _ZN7testing8internal15TestFactoryImplI26Integer_plus_digits_5_TestEC2Ev called 1 returned 100% blocks executed 100%
function _ZN7testing8internal15TestFactoryImplI26Integer_plus_digits_4_TestEC2Ev called 1 returned 100% blocks executed 100%
function _ZN7testing8internal15TestFactoryImplI26Integer_plus_digits_3_TestEC2Ev called 1 returned 100% blocks executed 100%
function _ZN7testing8internal15TestFactoryImplI26Integer_plus_digits_2_TestEC2Ev called 1 returned 100% blocks executed 100%
function _ZN7testing8internal15TestFactoryImplI26Integer_plus_digits_1_TestEC2Ev called 1 returned 100% blocks executed 100%
function _ZN7testing8internal15TestFactoryImplI33Integer_shift_right_digits_3_TestEC2Ev called 1 returned 100% blocks executed 100%
function _ZN7testing8internal15TestFactoryImplI33Integer_shift_right_digits_2_TestEC2Ev called 1 returned 100% blocks executed 100%
function _ZN7testing8internal15TestFactoryImplI33Integer_shift_right_digits_1_TestEC2Ev called 1 returned 100% blocks executed 100%
function _ZN7testing8internal15TestFactoryImplI32Integer_shift_left_digits_3_TestEC2Ev called 1 returned 100% blocks executed 100%
function _ZN7testing8internal15TestFactoryImplI32Integer_shift_left_digits_2_TestEC2Ev called 1 returned 100% blocks executed 100%
function _ZN7testing8internal15TestFactoryImplI32Integer_shift_left_digits_1_TestEC2Ev called 1 returned 100% blocks executed 100%
       92:  527:class TestFactoryImpl : public TestFactoryBase {
call    0 never executed
call    1 never executed
call    2 never executed
branch  3 never executed
branch  4 never executed
call    5 never executed
call    6 never executed
call    7 never executed
call    8 never executed
branch  9 never executed
branch 10 never executed
call   11 never executed
call   12 never executed
call   13 never executed
call   14 never executed
branch 15 never executed
branch 16 never executed
call   17 never executed
call   18 never executed
call   19 never executed
call   20 never executed
branch 21 never executed
branch 22 never executed
call   23 never executed
call   24 never executed
call   25 never executed
call   26 never executed
branch 27 never executed
branch 28 never executed
call   29 never executed
call   30 never executed
call   31 never executed
call   32 never executed
branch 33 never executed
branch 34 never executed
call   35 never executed
call   36 never executed
call   37 never executed
call   38 never executed
branch 39 never executed
branch 40 never executed
call   41 never executed
call   42 never executed
call   43 never executed
call   44 never executed
branch 45 never executed
branch 46 never executed
call   47 never executed
call   48 never executed
call   49 never executed
call   50 never executed
branch 51 never executed
branch 52 never executed
call   53 never executed
call   54 never executed
call   55 never executed
call   56 never executed
branch 57 never executed
branch 58 never executed
call   59 never executed
call   60 never executed
call   61 never executed
call   62 never executed
branch 63 never executed
branch 64 never executed
call   65 never executed
call   66 never executed
call   67 never executed
call   68 never executed
branch 69 never executed
branch 70 never executed
call   71 never executed
call   72 never executed
call   73 never executed
call   74 never executed
branch 75 never executed
branch 76 never executed
call   77 never executed
call   78 never executed
call   79 never executed
call   80 never executed
branch 81 never executed
branch 82 never executed
call   83 never executed
call   84 never executed
call   85 never executed
call   86 never executed
branch 87 never executed
branch 88 never executed
call   89 never executed
call   90 never executed
call   91 never executed
call   92 never executed
branch 93 never executed
branch 94 never executed
call   95 never executed
call   96 never executed
call   97 never executed
call   98 never executed
branch 99 never executed
branch 100 never executed
call   101 never executed
call   102 never executed
call   103 never executed
call   104 never executed
branch 105 never executed
branch 106 never executed
call   107 never executed
call   108 never executed
call   109 never executed
call   110 never executed
branch 111 never executed
branch 112 never executed
call   113 never executed
call   114 never executed
call   115 never executed
call   116 never executed
branch 117 never executed
branch 118 never executed
call   119 never executed
call   120 never executed
call   121 never executed
call   122 never executed
branch 123 never executed
branch 124 never executed
call   125 never executed
call   126 never executed
call   127 never executed
call   128 never executed
branch 129 never executed
branch 130 never executed
call   131 never executed
call   132 never executed
call   133 never executed
call   134 never executed
branch 135 never executed
branch 136 never executed
call   137 never executed
call   138 never executed
call   139 never executed
call   140 never executed
branch 141 never executed
branch 142 never executed
call   143 never executed
call   144 never executed
call   145 never executed
call   146 never executed
branch 147 never executed
branch 148 never executed
call   149 never executed
call   150 never executed
call   151 never executed
call   152 never executed
branch 153 never executed
branch 154 never executed
call   155 never executed
call   156 never executed
call   157 never executed
call   158 never executed
branch 159 never executed
branch 160 never executed
call   161 never executed
call   162 never executed
call   163 never executed
call   164 never executed
branch 165 never executed
branch 166 never executed
call   167 never executed
call   168 never executed
call   169 never executed
call   170 never executed
branch 171 never executed
branch 172 never executed
call   173 never executed
call   174 never executed
call   175 never executed
call   176 never executed
branch 177 never executed
branch 178 never executed
call   179 never executed
call   180 never executed
call   181 never executed
call   182 never executed
branch 183 never executed
branch 184 never executed
call   185 never executed
call   186 never executed
call   187 never executed
call   188 never executed
branch 189 never executed
branch 190 never executed
call   191 never executed
call   192 never executed
call   193 never executed
call   194 never executed
branch 195 never executed
branch 196 never executed
call   197 never executed
call   198 never executed
call   199 never executed
call   200 never executed
branch 201 never executed
branch 202 never executed
call   203 never executed
call   204 never executed
call   205 never executed
call   206 never executed
branch 207 never executed
branch 208 never executed
call   209 never executed
call   210 never executed
call   211 never executed
call   212 never executed
branch 213 never executed
branch 214 never executed
call   215 never executed
call   216 never executed
call   217 never executed
call   218 never executed
branch 219 never executed
branch 220 never executed
call   221 never executed
call   222 never executed
call   223 never executed
call   224 never executed
branch 225 never executed
branch 226 never executed
call   227 never executed
call   228 never executed
call   229 never executed
call   230 never executed
branch 231 never executed
branch 232 never executed
call   233 never executed
call   234 never executed
call   235 never executed
call   236 never executed
branch 237 never executed
branch 238 never executed
call   239 never executed
call   240 never executed
call   241 never executed
call   242 never executed
branch 243 never executed
branch 244 never executed
call   245 never executed
call   246 never executed
call   247 never executed
call   248 never executed
branch 249 never executed
branch 250 never executed
call   251 never executed
call   252 never executed
call   253 never executed
call   254 never executed
branch 255 never executed
branch 256 never executed
call   257 never executed
call   258 never executed
call   259 never executed
call   260 never executed
branch 261 never executed
branch 262 never executed
call   263 never executed
call   264 never executed
call   265 never executed
call   266 never executed
branch 267 never executed
branch 268 never executed
call   269 never executed
call   270 never executed
call   271 never executed
call   272 never executed
branch 273 never executed
branch 274 never executed
call   275 never executed
call   276 never executed
call   277 never executed
call   278 never executed
branch 279 never executed
branch 280 never executed
call   281 never executed
call   282 never executed
call   283 never executed
call   284 never executed
branch 285 never executed
branch 286 never executed
call   287 never executed
call   288 never executed
call   289 never executed
call   290 never executed
branch 291 never executed
branch 292 never executed
call   293 never executed
call   294 never executed
call   295 never executed
call   296 never executed
branch 297 never executed
branch 298 never executed
call   299 never executed
call   300 never executed
call   301 never executed
call   302 never executed
branch 303 never executed
branch 304 never executed
call   305 never executed
call   306 never executed
call   307 never executed
call   308 never executed
branch 309 never executed
branch 310 never executed
call   311 never executed
call   312 never executed
call   313 never executed
call   314 never executed
branch 315 never executed
branch 316 never executed
call   317 never executed
call   318 never executed
call   319 never executed
call   320 never executed
branch 321 never executed
branch 322 never executed
call   323 never executed
call   324 never executed
call   325 never executed
call   326 never executed
branch 327 never executed
branch 328 never executed
call   329 never executed
call   330 never executed
call   331 never executed
call   332 never executed
branch 333 never executed
branch 334 never executed
call   335 never executed
call   336 never executed
call   337 never executed
call   338 never executed
branch 339 never executed
branch 340 never executed
call   341 never executed
call   342 never executed
call   343 never executed
call   344 never executed
branch 345 never executed
branch 346 never executed
call   347 never executed
call   348 never executed
call   349 never executed
call   350 never executed
branch 351 never executed
branch 352 never executed
call   353 never executed
call   354 never executed
call   355 never executed
call   356 never executed
branch 357 never executed
branch 358 never executed
call   359 never executed
call   360 never executed
call   361 never executed
call   362 never executed
branch 363 never executed
branch 364 never executed
call   365 never executed
call   366 never executed
call   367 never executed
call   368 never executed
branch 369 never executed
branch 370 never executed
call   371 never executed
call   372 never executed
call   373 never executed
call   374 never executed
branch 375 never executed
branch 376 never executed
call   377 never executed
call   378 never executed
call   379 never executed
call   380 never executed
branch 381 never executed
branch 382 never executed
call   383 never executed
call   384 never executed
call   385 never executed
call   386 never executed
branch 387 never executed
branch 388 never executed
call   389 never executed
call   390 never executed
call   391 never executed
call   392 never executed
branch 393 never executed
branch 394 never executed
call   395 never executed
call   396 never executed
call   397 never executed
call   398 never executed
branch 399 never executed
branch 400 never executed
call   401 never executed
call   402 never executed
call   403 never executed
call   404 never executed
branch 405 never executed
branch 406 never executed
call   407 never executed
call   408 never executed
call   409 never executed
call   410 never executed
branch 411 never executed
branch 412 never executed
call   413 never executed
call   414 never executed
call   415 never executed
call   416 never executed
branch 417 never executed
branch 418 never executed
call   419 never executed
call   420 never executed
call   421 never executed
call   422 never executed
branch 423 never executed
branch 424 never executed
call   425 never executed
call   426 never executed
call   427 never executed
call   428 never executed
branch 429 never executed
branch 430 never executed
call   431 never executed
call   432 never executed
call   433 never executed
call   434 never executed
branch 435 never executed
branch 436 never executed
call   437 never executed
call   438 never executed
call   439 never executed
call   440 never executed
branch 441 never executed
branch 442 never executed
call   443 never executed
call   444 never executed
call   445 never executed
call   446 never executed
branch 447 never executed
branch 448 never executed
call   449 never executed
call   450 never executed
call   451 never executed
call   452 never executed
branch 453 never executed
branch 454 never executed
call   455 never executed
call   456 never executed
call   457 never executed
call   458 never executed
branch 459 never executed
branch 460 never executed
call   461 never executed
call   462 never executed
call   463 never executed
call   464 never executed
branch 465 never executed
branch 466 never executed
call   467 never executed
call   468 never executed
call   469 never executed
call   470 never executed
branch 471 never executed
branch 472 never executed
call   473 never executed
call   474 never executed
call   475 never executed
call   476 never executed
branch 477 never executed
branch 478 never executed
call   479 never executed
call   480 never executed
call   481 never executed
call   482 never executed
branch 483 never executed
branch 484 never executed
call   485 never executed
call   486 never executed
call   487 never executed
call   488 never executed
branch 489 never executed
branch 490 never executed
call   491 never executed
call   492 never executed
call   493 never executed
call   494 never executed
branch 495 never executed
branch 496 never executed
call   497 never executed
call   498 never executed
call   499 never executed
call   500 never executed
branch 501 never executed
branch 502 never executed
call   503 never executed
call   504 never executed
call   505 never executed
call   506 never executed
branch 507 never executed
branch 508 never executed
call   509 never executed
call   510 never executed
call   511 never executed
call   512 never executed
branch 513 never executed
branch 514 never executed
call   515 never executed
call   516 never executed
call   517 never executed
call   518 never executed
branch 519 never executed
branch 520 never executed
call   521 never executed
call   522 never executed
call   523 never executed
call   524 never executed
branch 525 never executed
branch 526 never executed
call   527 never executed
call   528 never executed
call   529 never executed
call   530 never executed
branch 531 never executed
branch 532 never executed
call   533 never executed
call   534 never executed
call   535 never executed
call   536 never executed
branch 537 never executed
branch 538 never executed
call   539 never executed
call   540 never executed
call   541 never executed
call   542 never executed
branch 543 never executed
branch 544 never executed
call   545 never executed
call   546 never executed
call   547 never executed
call   548 never executed
branch 549 never executed
branch 550 never executed
call   551 never executed
call   552 returned 100%
call   553 returned 100%
call   554 returned 100%
call   555 returned 100%
call   556 returned 100%
call   557 returned 100%
call   558 returned 100%
call   559 returned 100%
call   560 returned 100%
call   561 returned 100%
call   562 returned 100%
call   563 returned 100%
call   564 returned 100%
call   565 returned 100%
call   566 returned 100%
call   567 returned 100%
call   568 returned 100%
call   569 returned 100%
call   570 returned 100%
call   571 returned 100%
call   572 returned 100%
call   573 returned 100%
call   574 returned 100%
call   575 returned 100%
call   576 returned 100%
call   577 returned 100%
call   578 returned 100%
call   579 returned 100%
call   580 returned 100%
call   581 returned 100%
call   582 returned 100%
call   583 returned 100%
call   584 returned 100%
[...]
        -:  866:  // implicitly converted to type To.
        -:  867:  static char Helper(To);
        -:  868:  static char (&Helper(...))[2];  // NOLINT
        -:  869:
        -:  870:  // We have to put the 'public' section after the 'private' section,
        -:  871:  // or MSVC refuses to compile the code.
        -:  872: public:
        -:  873:  // MSVC warns about implicitly converting from double to int for
        -:  874:  // possible loss of data, so we need to temporarily disable the
        -:  875:  // warning.
        -:  876:#ifdef _MSC_VER
        -:  877:# pragma warning(push)          // Saves the current warning state.
        -:  878:# pragma warning(disable:4244)  // Temporarily disables warning 4244.
        -:  879:
        -:  880:  static const bool value =
        -:  881:      sizeof(Helper(ImplicitlyConvertible::MakeFrom())) == 1;
        -:  882:# pragma warning(pop)           // Restores the warning state.
        -:  883:#elif defined(__BORLANDC__)
        -:  884:  // C++Builder cannot use member overload resolution during template
        -:  885:  // instantiation.  The simplest workaround is to use its C++0x type traits
        -:  886:  // functions (C++Builder 2009 and above only).
        -:  887:  static const bool value = __is_convertible(From, To);
        -:  888:#else
        -:  889:  static const bool value =
        -:  890:      sizeof(Helper(ImplicitlyConvertible::MakeFrom())) == 1;
        -:  891:#endif  // _MSV_VER
        -:  892:};
        -:  893:template <typename From, typename To>
        -:  894:const bool ImplicitlyConvertible<From, To>::value;
        -:  895:
        -:  896:// IsAProtocolMessage<T>::value is a compile-time bool constant that's
        -:  897:// true iff T is type ProtocolMessage, proto2::Message, or a subclass
        -:  898:// of those.
        -:  899:template <typename T>
        -:  900:struct IsAProtocolMessage
        -:  901:    : public bool_constant<
        -:  902:  ImplicitlyConvertible<const T*, const ::ProtocolMessage*>::value ||
        -:  903:  ImplicitlyConvertible<const T*, const ::proto2::Message*>::value> {
        -:  904:};
        -:  905:
        -:  906:// When the compiler sees expression IsContainerTest<C>(0), if C is an
        -:  907:// STL-style container class, the first overload of IsContainerTest
        -:  908:// will be viable (since both C::iterator* and C::const_iterator* are
        -:  909:// valid types and NULL can be implicitly converted to them).  It will
        -:  910:// be picked over the second overload as 'int' is a perfect match for
        -:  911:// the type of argument 0.  If C::iterator or C::const_iterator is not
        -:  912:// a valid type, the first overload is not viable, and the second
        -:  913:// overload will be picked.  Therefore, we can determine whether C is
        -:  914:// a container class by checking the type of IsContainerTest<C>(0).
        -:  915:// The value of the expression is insignificant.
        -:  916://
        -:  917:// Note that we look for both C::iterator and C::const_iterator.  The
        -:  918:// reason is that C++ injects the name of a class as a member of the
        -:  919:// class itself (e.g. you can refer to class iterator as either
        -:  920:// 'iterator' or 'iterator::iterator').  If we look for C::iterator
        -:  921:// only, for example, we would mistakenly think that a class named
        -:  922:// iterator is an STL container.
        -:  923://
        -:  924:// Also note that the simpler approach of overloading
        -:  925:// IsContainerTest(typename C::const_iterator*) and
        -:  926:// IsContainerTest(...) doesn't work with Visual Age C++ and Sun C++.
        -:  927:typedef int IsContainer;
        -:  928:template <class C>
        -:  929:IsContainer IsContainerTest(int /* dummy */,
        -:  930:                            typename C::iterator* /* it */ = NULL,
        -:  931:                            typename C::const_iterator* /* const_it */ = NULL) {
        -:  932:  return 0;
        -:  933:}
        -:  934:
        -:  935:typedef char IsNotContainer;
        -:  936:template <class C>
function _ZN7testing8internal15IsContainerTestIP7IntegerIiSt6vectorIiSaIiEEEEEcl called 0 returned 0% blocks executed 0%
function _ZN7testing8internal15IsContainerTestI7IntegerIiSt6vectorIiSaIiEEEEEcl called 0 returned 0% blocks executed 0%
function _ZN7testing8internal15IsContainerTestIlEEcl called 0 returned 0% blocks executed 0%
function _ZN7testing8internal15IsContainerTestIiEEcl called 0 returned 0% blocks executed 0%
    #####:  937:IsNotContainer IsContainerTest(long /* dummy */) { return '\0'; }
        -:  938:
        -:  939:// EnableIf<condition>::type is void when 'Cond' is true, and
        -:  940:// undefined when 'Cond' is false.  To use SFINAE to make a function
        -:  941:// overload only apply when a particular expression is true, add
        -:  942:// "typename EnableIf<expression>::type* = 0" as the last parameter.
        -:  943:template<bool> struct EnableIf;
        -:  944:template<> struct EnableIf<true> { typedef void type; };  // NOLINT
        -:  945:
        -:  946:// Utilities for native arrays.
        -:  947:
        -:  948:// ArrayEq() compares two k-dimensional native arrays using the
        -:  949:// elements' operator==, where k can be any integer >= 0.  When k is
        -:  950:// 0, ArrayEq() degenerates into comparing a single pair of values.
        -:  951:
        -:  952:template <typename T, typename U>
        -:  953:bool ArrayEq(const T* lhs, size_t size, const U* rhs);
        -:  954:
        -:  955:// This generic version is used when k is 0.
        -:  956:template <typename T, typename U>
        -:  957:inline bool ArrayEq(const T& lhs, const U& rhs) { return lhs == rhs; }
        -:  958:
        -:  959:// This overload is used when k >= 1.
        -:  960:template <typename T, typename U, size_t N>
        -:  961:inline bool ArrayEq(const T(&lhs)[N], const U(&rhs)[N]) {
        -:  962:  return internal::ArrayEq(lhs, N, rhs);
        -:  963:}
        -:  964:
        -:  965:// This helper reduces code bloat.  If we instead put its logic inside
        -:  966:// the previous ArrayEq() function, arrays with different sizes would
        -:  967:// lead to different copies of the template code.
        -:  968:template <typename T, typename U>
        -:  969:bool ArrayEq(const T* lhs, size_t size, const U* rhs) {
        -:  970:  for (size_t i = 0; i != size; i++) {
        -:  971:    if (!internal::ArrayEq(lhs[i], rhs[i]))
        -:  972:      return false;
        -:  973:  }
        -:  974:  return true;
        -:  975:}
        -:  976:
        -:  977:// Finds the first element in the iterator range [begin, end) that
        -:  978:// equals elem.  Element may be a native array type itself.
        -:  979:template <typename Iter, typename Element>
        -:  980:Iter ArrayAwareFind(Iter begin, Iter end, const Element& elem) {
        -:  981:  for (Iter it = begin; it != end; ++it) {
        -:  982:    if (internal::ArrayEq(*it, elem))
        -:  983:      return it;
        -:  984:  }
        -:  985:  return end;
        -:  986:}
        -:  987:
        -:  988:// CopyArray() copies a k-dimensional native array using the elements'
        -:  989:// operator=, where k can be any integer >= 0.  When k is 0,
        -:  990:// CopyArray() degenerates into copying a single value.
        -:  991:
        -:  992:template <typename T, typename U>
        -:  993:void CopyArray(const T* from, size_t size, U* to);
        -:  994:
        -:  995:// This generic version is used when k is 0.
        -:  996:template <typename T, typename U>
        -:  997:inline void CopyArray(const T& from, U* to) { *to = from; }
        -:  998:
        -:  999:// This overload is used when k >= 1.
        -: 1000:template <typename T, typename U, size_t N>
        -: 1001:inline void CopyArray(const T(&from)[N], U(*to)[N]) {
        -: 1002:  internal::CopyArray(from, N, *to);
        -: 1003:}
        -: 1004:
        -: 1005:// This helper reduces code bloat.  If we instead put its logic inside
        -: 1006:// the previous CopyArray() function, arrays with different sizes
        -: 1007:// would lead to different copies of the template code.
        -: 1008:template <typename T, typename U>
        -: 1009:void CopyArray(const T* from, size_t size, U* to) {
        -: 1010:  for (size_t i = 0; i != size; i++) {
        -: 1011:    internal::CopyArray(from[i], to + i);
        -: 1012:  }
        -: 1013:}
        -: 1014:
        -: 1015:// The relation between an NativeArray object (see below) and the
        -: 1016:// native array it represents.
        -: 1017:enum RelationToSource {
        -: 1018:  kReference,  // The NativeArray references the native array.
        -: 1019:  kCopy        // The NativeArray makes a copy of the native array and
        -: 1020:               // owns the copy.
        -: 1021:};
        -: 1022:
        -: 1023:// Adapts a native array to a read-only STL-style container.  Instead
        -: 1024:// of the complete STL container concept, this adaptor only implements
        -: 1025:// members useful for Google Mock's container matchers.  New members
        -: 1026:// should be added as needed.  To simplify the implementation, we only
        -: 1027:// support Element being a raw type (i.e. having no top-level const or
        -: 1028:// reference modifier).  It's the client's responsibility to satisfy
        -: 1029:// this requirement.  Element can be an array type itself (hence
        -: 1030:// multi-dimensional arrays are supported).
        -: 1031:template <typename Element>
        -: 1032:class NativeArray {
        -: 1033: public:
        -: 1034:  // STL-style container typedefs.
        -: 1035:  typedef Element value_type;
        -: 1036:  typedef Element* iterator;
        -: 1037:  typedef const Element* const_iterator;
        -: 1038:
        -: 1039:  // Constructs from a native array.
        -: 1040:  NativeArray(const Element* array, size_t count, RelationToSource relation) {
        -: 1041:    Init(array, count, relation);
        -: 1042:  }
        -: 1043:
        -: 1044:  // Copy constructor.
        -: 1045:  NativeArray(const NativeArray& rhs) {
        -: 1046:    Init(rhs.array_, rhs.size_, rhs.relation_to_source_);
        -: 1047:  }
        -: 1048:
        -: 1049:  ~NativeArray() {
        -: 1050:    // Ensures that the user doesn't instantiate NativeArray with a
        -: 1051:    // const or reference type.
        -: 1052:    static_cast<void>(StaticAssertTypeEqHelper<Element,
        -: 1053:        GTEST_REMOVE_REFERENCE_AND_CONST_(Element)>());
        -: 1054:    if (relation_to_source_ == kCopy)
        -: 1055:      delete[] array_;
        -: 1056:  }
        -: 1057:
        -: 1058:  // STL-style container methods.
        -: 1059:  size_t size() const { return size_; }
        -: 1060:  const_iterator begin() const { return array_; }
        -: 1061:  const_iterator end() const { return array_ + size_; }
        -: 1062:  bool operator==(const NativeArray& rhs) const {
        -: 1063:    return size() == rhs.size() &&
        -: 1064:        ArrayEq(begin(), size(), rhs.begin());
        -: 1065:  }
        -: 1066:
        -: 1067: private:
        -: 1068:  // Initializes this object; makes a copy of the input array if
        -: 1069:  // 'relation' is kCopy.
        -: 1070:  void Init(const Element* array, size_t a_size, RelationToSource relation) {
        -: 1071:    if (relation == kReference) {
        -: 1072:      array_ = array;
        -: 1073:    } else {
        -: 1074:      Element* const copy = new Element[a_size];
        -: 1075:      CopyArray(array, a_size, copy);
        -: 1076:      array_ = copy;
        -: 1077:    }
        -: 1078:    size_ = a_size;
        -: 1079:    relation_to_source_ = relation;
        -: 1080:  }
        -: 1081:
        -: 1082:  const Element* array_;
        -: 1083:  size_t size_;
        -: 1084:  RelationToSource relation_to_source_;
        -: 1085:
        -: 1086:  GTEST_DISALLOW_ASSIGN_(NativeArray);
        -: 1087:};
        -: 1088:
        -: 1089:}  // namespace internal
        -: 1090:}  // namespace testing
        -: 1091:
        -: 1092:#define GTEST_MESSAGE_AT_(file, line, message, result_type) \
        -: 1093:  ::testing::internal::AssertHelper(result_type, file, line, message) \
        -: 1094:    = ::testing::Message()
        -: 1095:
        -: 1096:#define GTEST_MESSAGE_(message, result_type) \
        -: 1097:  GTEST_MESSAGE_AT_(__FILE__, __LINE__, message, result_type)
        -: 1098:
        -: 1099:#define GTEST_FATAL_FAILURE_(message) \
        -: 1100:  return GTEST_MESSAGE_(message, ::testing::TestPartResult::kFatalFailure)
        -: 1101:
        -: 1102:#define GTEST_NONFATAL_FAILURE_(message) \
        -: 1103:  GTEST_MESSAGE_(message, ::testing::TestPartResult::kNonFatalFailure)
        -: 1104:
        -: 1105:#define GTEST_SUCCESS_(message) \
        -: 1106:  GTEST_MESSAGE_(message, ::testing::TestPartResult::kSuccess)
        -: 1107:
        -: 1108:// Suppresses MSVC warnings 4072 (unreachable code) for the code following
        -: 1109:// statement if it returns or throws (or doesn't return or throw in some
        -: 1110:// situations).
        -: 1111:#define GTEST_SUPPRESS_UNREACHABLE_CODE_WARNING_BELOW_(statement) \
        -: 1112:  if (::testing::internal::AlwaysTrue()) { statement; }
        -: 1113:
        -: 1114:#define GTEST_TEST_THROW_(statement, expected_exception, fail) \
        -: 1115:  GTEST_AMBIGUOUS_ELSE_BLOCKER_ \
        -: 1116:  if (::testing::internal::ConstCharPtr gtest_msg = "") { \
        -: 1117:    bool gtest_caught_expected = false; \
        -: 1118:    try { \
        -: 1119:      GTEST_SUPPRESS_UNREACHABLE_CODE_WARNING_BELOW_(statement); \
        -: 1120:    } \
        -: 1121:    catch (expected_exception const&) { \
        -: 1122:      gtest_caught_expected = true; \
        -: 1123:    } \
        -: 1124:    catch (...) { \
        -: 1125:      gtest_msg.value = \
        -: 1126:          "Expected: " #statement " throws an exception of type " \
        -: 1127:          #expected_exception ".\n  Actual: it throws a different type."; \
        -: 1128:      goto GTEST_CONCAT_TOKEN_(gtest_label_testthrow_, __LINE__); \
        -: 1129:    } \
        -: 1130:    if (!gtest_caught_expected) { \
        -: 1131:      gtest_msg.value = \
        -: 1132:          "Expected: " #statement " throws an exception of type " \
        -: 1133:          #expected_exception ".\n  Actual: it throws nothing."; \
        -: 1134:      goto GTEST_CONCAT_TOKEN_(gtest_label_testthrow_, __LINE__); \
        -: 1135:    } \
        -: 1136:  } else \
        -: 1137:    GTEST_CONCAT_TOKEN_(gtest_label_testthrow_, __LINE__): \
        -: 1138:      fail(gtest_msg.value)
        -: 1139:
        -: 1140:#define GTEST_TEST_NO_THROW_(statement, fail) \
        -: 1141:  GTEST_AMBIGUOUS_ELSE_BLOCKER_ \
        -: 1142:  if (::testing::internal::AlwaysTrue()) { \
        -: 1143:    try { \
        -: 1144:      GTEST_SUPPRESS_UNREACHABLE_CODE_WARNING_BELOW_(statement); \
        -: 1145:    } \
        -: 1146:    catch (...) { \
        -: 1147:      goto GTEST_CONCAT_TOKEN_(gtest_label_testnothrow_, __LINE__); \
        -: 1148:    } \
        -: 1149:  } else \
        -: 1150:    GTEST_CONCAT_TOKEN_(gtest_label_testnothrow_, __LINE__): \
        -: 1151:      fail("Expected: " #statement " doesn't throw an exception.\n" \
        -: 1152:           "  Actual: it throws.")
        -: 1153:
        -: 1154:#define GTEST_TEST_ANY_THROW_(statement, fail) \
        -: 1155:  GTEST_AMBIGUOUS_ELSE_BLOCKER_ \
        -: 1156:  if (::testing::internal::AlwaysTrue()) { \
        -: 1157:    bool gtest_caught_any = false; \
        -: 1158:    try { \
        -: 1159:      GTEST_SUPPRESS_UNREACHABLE_CODE_WARNING_BELOW_(statement); \
        -: 1160:    } \
        -: 1161:    catch (...) { \
        -: 1162:      gtest_caught_any = true; \
        -: 1163:    } \
        -: 1164:    if (!gtest_caught_any) { \
        -: 1165:      goto GTEST_CONCAT_TOKEN_(gtest_label_testanythrow_, __LINE__); \
        -: 1166:    } \
        -: 1167:  } else \
        -: 1168:    GTEST_CONCAT_TOKEN_(gtest_label_testanythrow_, __LINE__): \
        -: 1169:      fail("Expected: " #statement " throws an exception.\n" \
        -: 1170:           "  Actual: it doesn't.")
        -: 1171:
        -: 1172:
        -: 1173:// Implements Boolean test assertions such as EXPECT_TRUE. expression can be
        -: 1174:// either a boolean expression or an AssertionResult. text is a textual
        -: 1175:// represenation of expression as it was passed into the EXPECT_TRUE.
        -: 1176:#define GTEST_TEST_BOOLEAN_(expression, text, actual, expected, fail) \
        -: 1177:  GTEST_AMBIGUOUS_ELSE_BLOCKER_ \
        -: 1178:  if (const ::testing::AssertionResult gtest_ar_ = \
        -: 1179:      ::testing::AssertionResult(expression)) \
        -: 1180:    ; \
        -: 1181:  else \
        -: 1182:    fail(::testing::internal::GetBoolAssertionFailureMessage(\
        -: 1183:        gtest_ar_, text, #actual, #expected).c_str())
        -: 1184:
        -: 1185:#define GTEST_TEST_NO_FATAL_FAILURE_(statement, fail) \
        -: 1186:  GTEST_AMBIGUOUS_ELSE_BLOCKER_ \
        -: 1187:  if (::testing::internal::AlwaysTrue()) { \
        -: 1188:    ::testing::internal::HasNewFatalFailureHelper gtest_fatal_failure_checker; \
        -: 1189:    GTEST_SUPPRESS_UNREACHABLE_CODE_WARNING_BELOW_(statement); \
        -: 1190:    if (gtest_fatal_failure_checker.has_new_fatal_failure()) { \
        -: 1191:      goto GTEST_CONCAT_TOKEN_(gtest_label_testnofatal_, __LINE__); \
        -: 1192:    } \
        -: 1193:  } else \
        -: 1194:    GTEST_CONCAT_TOKEN_(gtest_label_testnofatal_, __LINE__): \
        -: 1195:      fail("Expected: " #statement " doesn't generate new fatal " \
        -: 1196:           "failures in the current thread.\n" \
        -: 1197:           "  Actual: it does.")
        -: 1198:
        -: 1199:// Expands to the name of the class that implements the given test.
        -: 1200:#define GTEST_TEST_CLASS_NAME_(test_case_name, test_name) \
        -: 1201:  test_case_name##_##test_name##_Test
        -: 1202:
        -: 1203:// Helper macro for defining tests.
        -: 1204:#define GTEST_TEST_(test_case_name, test_name, parent_class, parent_id)\
        -: 1205:class GTEST_TEST_CLASS_NAME_(test_case_name, test_name) : public parent_class {\
        -: 1206: public:\
        -: 1207:  GTEST_TEST_CLASS_NAME_(test_case_name, test_name)() {}\
        -: 1208: private:\
        -: 1209:  virtual void TestBody();\
        -: 1210:  static ::testing::TestInfo* const test_info_ GTEST_ATTRIBUTE_UNUSED_;\
        -: 1211:  GTEST_DISALLOW_COPY_AND_ASSIGN_(\
        -: 1212:      GTEST_TEST_CLASS_NAME_(test_case_name, test_name));\
        -: 1213:};\
        -: 1214:\
        -: 1215:::testing::TestInfo* const GTEST_TEST_CLASS_NAME_(test_case_name, test_name)\
        -: 1216:  ::test_info_ =\
        -: 1217:    ::testing::internal::MakeAndRegisterTestInfo(\
        -: 1218:        #test_case_name, #test_name, NULL, NULL, \
        -: 1219:        (parent_id), \
        -: 1220:        parent_class::SetUpTestCase, \
        -: 1221:        parent_class::TearDownTestCase, \
        -: 1222:        new ::testing::internal::TestFactoryImpl<\
        -: 1223:            GTEST_TEST_CLASS_NAME_(test_case_name, test_name)>);\
        -: 1224:void GTEST_TEST_CLASS_NAME_(test_case_name, test_name)::TestBody()
        -: 1225:
        -: 1226:#endif  // GTEST_INCLUDE_GTEST_INTERNAL_GTEST_INTERNAL_H_
